Traceback (most recent call last):
  File "C:\Users\Edward Morales\miniconda3\envs\ml_venv\lib\site-packages\jupyter_cache\executors\utils.py", line 58, in single_nb_execution
    executenb(
  File "C:\Users\Edward Morales\miniconda3\envs\ml_venv\lib\site-packages\nbclient\client.py", line 1305, in execute
    return NotebookClient(nb=nb, resources=resources, km=km, **kwargs).execute()
  File "C:\Users\Edward Morales\miniconda3\envs\ml_venv\lib\site-packages\jupyter_core\utils\__init__.py", line 166, in wrapped
    return loop.run_until_complete(inner)
  File "C:\Users\Edward Morales\miniconda3\envs\ml_venv\lib\asyncio\base_events.py", line 647, in run_until_complete
    return future.result()
  File "C:\Users\Edward Morales\miniconda3\envs\ml_venv\lib\site-packages\nbclient\client.py", line 705, in async_execute
    await self.async_execute_cell(
  File "C:\Users\Edward Morales\miniconda3\envs\ml_venv\lib\site-packages\nbclient\client.py", line 1058, in async_execute_cell
    await self._check_raise_for_error(cell, cell_index, exec_reply)
  File "C:\Users\Edward Morales\miniconda3\envs\ml_venv\lib\site-packages\nbclient\client.py", line 914, in _check_raise_for_error
    raise CellExecutionError.from_cell_and_msg(cell, exec_reply_content)
nbclient.exceptions.CellExecutionError: An error occurred while executing the following cell:
------------------
all_data_NA = df.isna().sum()

# Filtrar solo las columnas que tienen datos NA
all_data_NA = all_data_NA[all_data_NA > 0].sort_values(ascending=False)

# Graficar
plt.figure(figsize=(7, 4))
sns.barplot(x=all_data_NA.index, y=all_data_NA.values)
plt.xticks(rotation=90)  # Rotar las etiquetas del eje x para mejor visualización
plt.ylabel('Cantidad de datos faltantes')
plt.xlabel('Columnas')
plt.title('Cantidad de datos faltantes por columna')
plt.show()
------------------


[1;31m---------------------------------------------------------------------------[0m
[1;31mNameError[0m                                 Traceback (most recent call last)
Cell [1;32mIn[7], line 7[0m
[0;32m      4[0m all_data_NA [38;5;241m=[39m all_data_NA[all_data_NA [38;5;241m>[39m [38;5;241m0[39m][38;5;241m.[39msort_values(ascending[38;5;241m=[39m[38;5;28;01mFalse[39;00m)
[0;32m      6[0m [38;5;66;03m# Graficar[39;00m
[1;32m----> 7[0m [43mplt[49m[38;5;241m.[39mfigure(figsize[38;5;241m=[39m([38;5;241m7[39m, [38;5;241m4[39m))
[0;32m      8[0m sns[38;5;241m.[39mbarplot(x[38;5;241m=[39mall_data_NA[38;5;241m.[39mindex, y[38;5;241m=[39mall_data_NA[38;5;241m.[39mvalues)
[0;32m      9[0m plt[38;5;241m.[39mxticks(rotation[38;5;241m=[39m[38;5;241m90[39m)  [38;5;66;03m# Rotar las etiquetas del eje x para mejor visualización[39;00m

[1;31mNameError[0m: name 'plt' is not defined

